HV000001: Hibernate Validator 8.0.2.Final
Starting LimsApplication using Java 26.0.1 with PID 15176 (C:\lims-backend-server\lims-backend\target\classes started by sivaj in C:\lims-backend-server\lims-backend)
Running with Spring Boot v3.4.5, Spring v6.2.6
The following 1 profile is active: "local"
Bootstrapping Spring Data JPA repositories in DEFAULT mode.
Finished Spring Data repository scanning in 178 ms. Found 88 JPA repository interfaces.
Tomcat initialized with port 8080 (http)
Initializing ProtocolHandler ["http-nio-8080"]
Starting service [Tomcat]
Starting Servlet engine: [Apache Tomcat/10.1.40]
Initializing Spring embedded WebApplicationContext
Root WebApplicationContext: initialization completed in 2238 ms
HikariPool-1 - Starting...
HikariPool-1 - Added connection org.postgresql.jdbc.PgConnection@7f5f7731
HikariPool-1 - Start completed.
Database: jdbc:postgresql://34.14.198.255:5432/lims_db (PostgreSQL 15.17)
Successfully validated 10 migrations (execution time 00:00.975s)
Current version of schema "public": 10
Schema "public" is up to date. No migration necessary.
HHH000204: Processing PersistenceUnitInfo [name: default]
HHH000412: Hibernate ORM core version 6.6.13.Final
HHH000026: Second-level cache disabled
No LoadTimeWeaver setup: ignoring JPA class transformer
HHH90000025: PostgreSQLDialect does not need to be specified explicitly using 'hibernate.dialect' (remove the property setting and it will be selected by default)
HHH10001005: Database info:
	Database JDBC URL [Connecting through datasource 'HikariDataSource (HikariPool-1)']
	Database driver: undefined/unknown
	Database version: 15.17
	Autocommit mode: undefined/unknown
	Isolation level: undefined/unknown
	Minimum pool size: undefined/unknown
	Maximum pool size: undefined/unknown
HHH000489: No JTA platform available (set 'hibernate.transaction.jta.platform' to enable JTA platform integration)
Initialized JPA EntityManagerFactory for persistence unit 'default'
Hibernate is in classpath; If applicable, HQL parser will be used.
Filter 'jwtAuthenticationFilter' configured for use
Filter 'mdcLoggingFilter' configured for use
Global AuthenticationManager configured with AuthenticationProvider bean with name authenticationProvider
Global AuthenticationManager configured with an AuthenticationProvider bean. UserDetailsService beans will not be used by Spring Security for automatically configuring username/password login. Consider removing the AuthenticationProvider bean. Alternatively, consider using the UserDetailsService in a manually instantiated DaoAuthenticationProvider. If the current configuration is intentional, to turn off this warning, increase the logging level of 'org.springframework.security.config.annotation.authentication.configuration.InitializeUserDetailsBeanManagerConfigurer' to ERROR
spring.jpa.open-in-view is enabled by default. Therefore, database queries may be performed during view rendering. Explicitly configure spring.jpa.open-in-view to disable this warning
Exposing 7 endpoints beneath base path '/actuator'
Starting ProtocolHandler ["http-nio-8080"]
Tomcat started on port 8080 (http) with context path '/api/v1'
Started LimsApplication in 24.143 seconds (process running for 25.811)
Commencing graceful shutdown. Waiting for active requests to complete
Graceful shutdown complete
Closing JPA EntityManagerFactory for persistence unit 'default'
HikariPool-1 - Shutdown initiated...
HikariPool-1 - Shutdown completed.
